Release 14.7 - ngc2edif P.20131013 (lin64)
Copyright (c) 1995-2013 Xilinx, Inc.  All rights reserved.
Reading design cpu_top.ngc ...
WARNING:NetListWriters:298 - No output is written to cpu_top.xncf, ignored.
Processing design ...
   Preping design's networks ...
   Preping design's macros ...
  finished :Prep
Writing EDIF netlist file cpu_top.edif ...
ngc2edif: Total memory usage is 103656 kilobytes

Release 14.7 - ngc2edif P.20131013 (lin64)
Copyright (c) 1995-2013 Xilinx, Inc.  All rights reserved.
Reading design cpu_top.ngc ...
WARNING:NetListWriters:298 - No output is written to cpu_top.xncf, ignored.
Processing design ...
   Preping design's networks ...
   Preping design's macros ...
  finished :Prep
Writing EDIF netlist file cpu_top.edif ...
ngc2edif: Total memory usage is 103660 kilobytes

Release 14.7 - ngc2edif P.20131013 (lin64)
Copyright (c) 1995-2013 Xilinx, Inc.  All rights reserved.
Reading design cpu_top.ngc ...
WARNING:NetListWriters:298 - No output is written to cpu_top.xncf, ignored.
Processing design ...
   Preping design's networks ...
   Preping design's macros ...
  finished :Prep
Writing EDIF netlist file cpu_top.edif ...
ngc2edif: Total memory usage is 103652 kilobytes

Release 14.7 - ngc2edif P.20131013 (lin64)
Copyright (c) 1995-2013 Xilinx, Inc.  All rights reserved.
Reading design cpu_top.ngc ...
WARNING:NetListWriters:298 - No output is written to cpu_top.xncf, ignored.
Processing design ...
   Preping design's networks ...
   Preping design's macros ...
  finished :Prep
Writing EDIF netlist file cpu_top.edif ...
ngc2edif: Total memory usage is 103752 kilobytes

Release 14.7 - ngc2edif P.20131013 (lin64)
Copyright (c) 1995-2013 Xilinx, Inc.  All rights reserved.
Reading design cpu_top.ngc ...
WARNING:NetListWriters:298 - No output is written to cpu_top.xncf, ignored.
Processing design ...
   Preping design's networks ...
   Preping design's macros ...
  finished :Prep
Writing EDIF netlist file cpu_top.edif ...
ngc2edif: Total memory usage is 103708 kilobytes

Release 14.7 - ngc2edif P.20131013 (lin64)
Copyright (c) 1995-2013 Xilinx, Inc.  All rights reserved.
Reading design cpu_top.ngc ...
WARNING:NetListWriters:298 - No output is written to cpu_top.xncf, ignored.
Processing design ...
   Preping design's networks ...
   Preping design's macros ...
  finished :Prep
Writing EDIF netlist file cpu_top.edif ...
ngc2edif: Total memory usage is 103728 kilobytes

Release 14.7 - ngc2edif P.20131013 (lin64)
Copyright (c) 1995-2013 Xilinx, Inc.  All rights reserved.
Reading design cpu_top.ngc ...
WARNING:NetListWriters:298 - No output is written to cpu_top.xncf, ignored.
Processing design ...
   Preping design's networks ...
   Preping design's macros ...
  finished :Prep
Writing EDIF netlist file cpu_top.edif ...
ngc2edif: Total memory usage is 103708 kilobytes

Release 14.7 - ngc2edif P.20131013 (lin64)
Copyright (c) 1995-2013 Xilinx, Inc.  All rights reserved.
Reading design cpu_top.ngc ...
WARNING:NetListWriters:298 - No output is written to cpu_top.xncf, ignored.
Processing design ...
   Preping design's networks ...
   Preping design's macros ...
  finished :Prep
Writing EDIF netlist file cpu_top.edif ...
ngc2edif: Total memory usage is 103836 kilobytes

Release 14.7 - ngc2edif P.20131013 (lin64)
Copyright (c) 1995-2013 Xilinx, Inc.  All rights reserved.
Reading design cpu_top.ngc ...
WARNING:NetListWriters:298 - No output is written to cpu_top.xncf, ignored.
Processing design ...
   Preping design's networks ...
   Preping design's macros ...
  finished :Prep
Writing EDIF netlist file cpu_top.edif ...
ngc2edif: Total memory usage is 103788 kilobytes

